#-----------------------------------------------------------
# Vivado v2019.2 (64-bit)
# SW Build 2708876 on Wed Nov  6 21:40:23 MST 2019
# IP Build 2700528 on Thu Nov  7 00:09:20 MST 2019
# Start of session at: Sat Jan  9 13:39:27 2021
# Process ID: 17840
# Current directory: D:/WeChat Files/wxid_7qg360e9m44722/FileStorage/File/2021-01/BNNProcessor
# Command line: vivado.exe -gui_launcher_event rodinguilauncherevent1748 D:\WeChat Files\wxid_7qg360e9m44722\FileStorage\File\2021-01\BNNProcessor\BNNProcessor.xpr
# Log file: D:/WeChat Files/wxid_7qg360e9m44722/FileStorage/File/2021-01/BNNProcessor/vivado.log
# Journal file: D:/WeChat Files/wxid_7qg360e9m44722/FileStorage/File/2021-01/BNNProcessor\vivado.jou
#-----------------------------------------------------------
start_gui
open_project {D:/WeChat Files/wxid_7qg360e9m44722/FileStorage/File/2021-01/BNNProcessor/BNNProcessor.xpr}
INFO: [Project 1-313] Project file moved from 'E:/202007_AdobeS5/BNNProcessor/BNNProcessor' since last save.
Scanning sources...
Finished scanning sources
INFO: [Project 1-230] Project 'BNNProcessor.xpr' upgraded for this version of Vivado.
INFO: [IP_Flow 19-234] Refreshing IP repositories
INFO: [IP_Flow 19-1704] No user IP repositories specified
INFO: [IP_Flow 19-2313] Loaded Vivado IP repository 'D:/Vivado/2019.2/data/ip'.
open_project: Time (s): cpu = 00:00:22 ; elapsed = 00:00:10 . Memory (MB): peak = 893.090 ; gain = 250.316
update_compile_order -fileset sources_1
synth_design -rtl -name rtl_1
Command: synth_design -rtl -name rtl_1
Starting synth_design
Using part: xc7z020clg484-1
Top: TOP
INFO: [Device 21-403] Loading part xc7z020clg484-1
---------------------------------------------------------------------------------
Starting RTL Elaboration : Time (s): cpu = 00:00:06 ; elapsed = 00:00:06 . Memory (MB): peak = 1434.637 ; gain = 215.715
---------------------------------------------------------------------------------
INFO: [Synth 8-6157] synthesizing module 'TOP' [D:/WeChat Files/wxid_7qg360e9m44722/FileStorage/File/2021-01/BNNProcessor/BNNProcessor.srcs/sources_1/new/TOP.v:22]
	Parameter DATASRAM_ADDRWIDTH bound to: 13 - type: integer 
	Parameter DATASRAM_DATAWIDTH bound to: 32 - type: integer 
	Parameter INSTSRAM_ADDRWIDTH bound to: 11 - type: integer 
	Parameter INSTSRAM_DATAWIDTH bound to: 16 - type: integer 
INFO: [Synth 8-6157] synthesizing module 'P_TO_S' [D:/WeChat Files/wxid_7qg360e9m44722/FileStorage/File/2021-01/BNNProcessor/BNNProcessor.srcs/sources_1/new/P_TO_S.v:23]
	Parameter WIDTH bound to: 16 - type: integer 
INFO: [Synth 8-6155] done synthesizing module 'P_TO_S' (1#1) [D:/WeChat Files/wxid_7qg360e9m44722/FileStorage/File/2021-01/BNNProcessor/BNNProcessor.srcs/sources_1/new/P_TO_S.v:23]
INFO: [Synth 8-6157] synthesizing module 'P_TO_S__parameterized0' [D:/WeChat Files/wxid_7qg360e9m44722/FileStorage/File/2021-01/BNNProcessor/BNNProcessor.srcs/sources_1/new/P_TO_S.v:23]
	Parameter WIDTH bound to: 32 - type: integer 
INFO: [Synth 8-6155] done synthesizing module 'P_TO_S__parameterized0' (1#1) [D:/WeChat Files/wxid_7qg360e9m44722/FileStorage/File/2021-01/BNNProcessor/BNNProcessor.srcs/sources_1/new/P_TO_S.v:23]
INFO: [Synth 8-6157] synthesizing module 'S_TO_P' [D:/WeChat Files/wxid_7qg360e9m44722/FileStorage/File/2021-01/BNNProcessor/BNNProcessor.srcs/sources_1/new/S_TO_P.v:1]
	Parameter WIDTH bound to: 16 - type: integer 
INFO: [Synth 8-6155] done synthesizing module 'S_TO_P' (2#1) [D:/WeChat Files/wxid_7qg360e9m44722/FileStorage/File/2021-01/BNNProcessor/BNNProcessor.srcs/sources_1/new/S_TO_P.v:1]
INFO: [Synth 8-6157] synthesizing module 'S_TO_P__parameterized0' [D:/WeChat Files/wxid_7qg360e9m44722/FileStorage/File/2021-01/BNNProcessor/BNNProcessor.srcs/sources_1/new/S_TO_P.v:1]
	Parameter WIDTH bound to: 32 - type: integer 
INFO: [Synth 8-6155] done synthesizing module 'S_TO_P__parameterized0' (2#1) [D:/WeChat Files/wxid_7qg360e9m44722/FileStorage/File/2021-01/BNNProcessor/BNNProcessor.srcs/sources_1/new/S_TO_P.v:1]
INFO: [Synth 8-6157] synthesizing module 'BNNCtrl' [D:/WeChat Files/wxid_7qg360e9m44722/FileStorage/File/2021-01/BNNProcessor/BNNProcessor.srcs/sources_1/imports/BNN_Code/BNNCtrl.v:23]
INFO: [Synth 8-226] default block is never used [D:/WeChat Files/wxid_7qg360e9m44722/FileStorage/File/2021-01/BNNProcessor/BNNProcessor.srcs/sources_1/imports/BNN_Code/BNNCtrl.v:68]
INFO: [Synth 8-226] default block is never used [D:/WeChat Files/wxid_7qg360e9m44722/FileStorage/File/2021-01/BNNProcessor/BNNProcessor.srcs/sources_1/imports/BNN_Code/BNNCtrl.v:85]
INFO: [Synth 8-155] case statement is not full and has no default [D:/WeChat Files/wxid_7qg360e9m44722/FileStorage/File/2021-01/BNNProcessor/BNNProcessor.srcs/sources_1/imports/BNN_Code/BNNCtrl.v:102]
WARNING: [Synth 8-567] referenced signal 'rst' should be on the sensitivity list [D:/WeChat Files/wxid_7qg360e9m44722/FileStorage/File/2021-01/BNNProcessor/BNNProcessor.srcs/sources_1/imports/BNN_Code/BNNCtrl.v:46]
WARNING: [Synth 8-567] referenced signal 'inst' should be on the sensitivity list [D:/WeChat Files/wxid_7qg360e9m44722/FileStorage/File/2021-01/BNNProcessor/BNNProcessor.srcs/sources_1/imports/BNN_Code/BNNCtrl.v:46]
WARNING: [Synth 8-567] referenced signal 'pc1' should be on the sensitivity list [D:/WeChat Files/wxid_7qg360e9m44722/FileStorage/File/2021-01/BNNProcessor/BNNProcessor.srcs/sources_1/imports/BNN_Code/BNNCtrl.v:46]
WARNING: [Synth 8-567] referenced signal 'pc2' should be on the sensitivity list [D:/WeChat Files/wxid_7qg360e9m44722/FileStorage/File/2021-01/BNNProcessor/BNNProcessor.srcs/sources_1/imports/BNN_Code/BNNCtrl.v:46]
WARNING: [Synth 8-567] referenced signal 'pc3' should be on the sensitivity list [D:/WeChat Files/wxid_7qg360e9m44722/FileStorage/File/2021-01/BNNProcessor/BNNProcessor.srcs/sources_1/imports/BNN_Code/BNNCtrl.v:46]
WARNING: [Synth 8-567] referenced signal 'pc4' should be on the sensitivity list [D:/WeChat Files/wxid_7qg360e9m44722/FileStorage/File/2021-01/BNNProcessor/BNNProcessor.srcs/sources_1/imports/BNN_Code/BNNCtrl.v:46]
WARNING: [Synth 8-567] referenced signal 'r1' should be on the sensitivity list [D:/WeChat Files/wxid_7qg360e9m44722/FileStorage/File/2021-01/BNNProcessor/BNNProcessor.srcs/sources_1/imports/BNN_Code/BNNCtrl.v:46]
WARNING: [Synth 8-567] referenced signal 'r2' should be on the sensitivity list [D:/WeChat Files/wxid_7qg360e9m44722/FileStorage/File/2021-01/BNNProcessor/BNNProcessor.srcs/sources_1/imports/BNN_Code/BNNCtrl.v:46]
WARNING: [Synth 8-567] referenced signal 'r3' should be on the sensitivity list [D:/WeChat Files/wxid_7qg360e9m44722/FileStorage/File/2021-01/BNNProcessor/BNNProcessor.srcs/sources_1/imports/BNN_Code/BNNCtrl.v:46]
WARNING: [Synth 8-567] referenced signal 'r4' should be on the sensitivity list [D:/WeChat Files/wxid_7qg360e9m44722/FileStorage/File/2021-01/BNNProcessor/BNNProcessor.srcs/sources_1/imports/BNN_Code/BNNCtrl.v:46]
WARNING: [Synth 8-567] referenced signal 'instsram_ctrl' should be on the sensitivity list [D:/WeChat Files/wxid_7qg360e9m44722/FileStorage/File/2021-01/BNNProcessor/BNNProcessor.srcs/sources_1/imports/BNN_Code/BNNCtrl.v:46]
INFO: [Synth 8-6155] done synthesizing module 'BNNCtrl' (3#1) [D:/WeChat Files/wxid_7qg360e9m44722/FileStorage/File/2021-01/BNNProcessor/BNNProcessor.srcs/sources_1/imports/BNN_Code/BNNCtrl.v:23]
INFO: [Synth 8-6157] synthesizing module 'BNNCore' [D:/WeChat Files/wxid_7qg360e9m44722/FileStorage/File/2021-01/BNNProcessor/BNNProcessor.srcs/sources_1/imports/BNN_Code/BNN_Core.v:21]
INFO: [Synth 8-6157] synthesizing module 'BPUG' [D:/WeChat Files/wxid_7qg360e9m44722/FileStorage/File/2021-01/BNNProcessor/BNNProcessor.srcs/sources_1/imports/BNN_Code/BPUG.v:12]
INFO: [Synth 8-6157] synthesizing module 'BPU' [D:/WeChat Files/wxid_7qg360e9m44722/FileStorage/File/2021-01/BNNProcessor/BNNProcessor.srcs/sources_1/imports/BNN_Code/BPU.v:26]
INFO: [Synth 8-6157] synthesizing module 'XNOR1x7' [D:/WeChat Files/wxid_7qg360e9m44722/FileStorage/File/2021-01/BNNProcessor/BNNProcessor.srcs/sources_1/imports/BNN_Code/XNOR1x7.v:22]
INFO: [Synth 8-6155] done synthesizing module 'XNOR1x7' (4#1) [D:/WeChat Files/wxid_7qg360e9m44722/FileStorage/File/2021-01/BNNProcessor/BNNProcessor.srcs/sources_1/imports/BNN_Code/XNOR1x7.v:22]
INFO: [Synth 8-6155] done synthesizing module 'BPU' (5#1) [D:/WeChat Files/wxid_7qg360e9m44722/FileStorage/File/2021-01/BNNProcessor/BNNProcessor.srcs/sources_1/imports/BNN_Code/BPU.v:26]
WARNING: [Synth 8-689] width (56) of port connection 'wgt' does not match port width (49) of module 'BPU' [D:/WeChat Files/wxid_7qg360e9m44722/FileStorage/File/2021-01/BNNProcessor/BNNProcessor.srcs/sources_1/imports/BNN_Code/BPUG.v:100]
WARNING: [Synth 8-689] width (56) of port connection 'wgt' does not match port width (49) of module 'BPU' [D:/WeChat Files/wxid_7qg360e9m44722/FileStorage/File/2021-01/BNNProcessor/BNNProcessor.srcs/sources_1/imports/BNN_Code/BPUG.v:106]
WARNING: [Synth 8-689] width (56) of port connection 'wgt' does not match port width (49) of module 'BPU' [D:/WeChat Files/wxid_7qg360e9m44722/FileStorage/File/2021-01/BNNProcessor/BNNProcessor.srcs/sources_1/imports/BNN_Code/BPUG.v:112]
WARNING: [Synth 8-689] width (56) of port connection 'wgt' does not match port width (49) of module 'BPU' [D:/WeChat Files/wxid_7qg360e9m44722/FileStorage/File/2021-01/BNNProcessor/BNNProcessor.srcs/sources_1/imports/BNN_Code/BPUG.v:118]
WARNING: [Synth 8-689] width (56) of port connection 'wgt' does not match port width (49) of module 'BPU' [D:/WeChat Files/wxid_7qg360e9m44722/FileStorage/File/2021-01/BNNProcessor/BNNProcessor.srcs/sources_1/imports/BNN_Code/BPUG.v:124]
WARNING: [Synth 8-689] width (56) of port connection 'wgt' does not match port width (49) of module 'BPU' [D:/WeChat Files/wxid_7qg360e9m44722/FileStorage/File/2021-01/BNNProcessor/BNNProcessor.srcs/sources_1/imports/BNN_Code/BPUG.v:130]
WARNING: [Synth 8-689] width (56) of port connection 'wgt' does not match port width (49) of module 'BPU' [D:/WeChat Files/wxid_7qg360e9m44722/FileStorage/File/2021-01/BNNProcessor/BNNProcessor.srcs/sources_1/imports/BNN_Code/BPUG.v:136]
WARNING: [Synth 8-689] width (56) of port connection 'wgt' does not match port width (49) of module 'BPU' [D:/WeChat Files/wxid_7qg360e9m44722/FileStorage/File/2021-01/BNNProcessor/BNNProcessor.srcs/sources_1/imports/BNN_Code/BPUG.v:142]
INFO: [Synth 8-6155] done synthesizing module 'BPUG' (6#1) [D:/WeChat Files/wxid_7qg360e9m44722/FileStorage/File/2021-01/BNNProcessor/BNNProcessor.srcs/sources_1/imports/BNN_Code/BPUG.v:12]
INFO: [Synth 8-6155] done synthesizing module 'BNNCore' (7#1) [D:/WeChat Files/wxid_7qg360e9m44722/FileStorage/File/2021-01/BNNProcessor/BNNProcessor.srcs/sources_1/imports/BNN_Code/BNN_Core.v:21]
INFO: [Synth 8-6157] synthesizing module 'SRAM' [D:/WeChat Files/wxid_7qg360e9m44722/FileStorage/File/2021-01/BNNProcessor/BNNProcessor.srcs/sources_1/new/SRAM.v:23]
	Parameter ADDRWIDTH bound to: 11 - type: integer 
	Parameter DATAWIDTH bound to: 16 - type: integer 
INFO: [Synth 8-5534] Detected attribute (* dont_touch = "true" *) [D:/WeChat Files/wxid_7qg360e9m44722/FileStorage/File/2021-01/BNNProcessor/BNNProcessor.srcs/sources_1/new/SRAM.v:39]
WARNING: [Synth 8-6026] Ignoring keep related attribute (keep/mark_debug/dont_touch) applied on memory [D:/WeChat Files/wxid_7qg360e9m44722/FileStorage/File/2021-01/BNNProcessor/BNNProcessor.srcs/sources_1/new/SRAM.v:39]
INFO: [Synth 8-6155] done synthesizing module 'SRAM' (8#1) [D:/WeChat Files/wxid_7qg360e9m44722/FileStorage/File/2021-01/BNNProcessor/BNNProcessor.srcs/sources_1/new/SRAM.v:23]
INFO: [Synth 8-6157] synthesizing module 'SRAM__parameterized0' [D:/WeChat Files/wxid_7qg360e9m44722/FileStorage/File/2021-01/BNNProcessor/BNNProcessor.srcs/sources_1/new/SRAM.v:23]
	Parameter ADDRWIDTH bound to: 13 - type: integer 
	Parameter DATAWIDTH bound to: 32 - type: integer 
WARNING: [Synth 8-6026] Ignoring keep related attribute (keep/mark_debug/dont_touch) applied on memory [D:/WeChat Files/wxid_7qg360e9m44722/FileStorage/File/2021-01/BNNProcessor/BNNProcessor.srcs/sources_1/new/SRAM.v:39]
INFO: [Synth 8-6155] done synthesizing module 'SRAM__parameterized0' (8#1) [D:/WeChat Files/wxid_7qg360e9m44722/FileStorage/File/2021-01/BNNProcessor/BNNProcessor.srcs/sources_1/new/SRAM.v:23]
WARNING: [Synth 8-3848] Net BNNCORE_CTRL in module/entity TOP does not have driver. [D:/WeChat Files/wxid_7qg360e9m44722/FileStorage/File/2021-01/BNNProcessor/BNNProcessor.srcs/sources_1/new/TOP.v:91]
INFO: [Synth 8-6155] done synthesizing module 'TOP' (9#1) [D:/WeChat Files/wxid_7qg360e9m44722/FileStorage/File/2021-01/BNNProcessor/BNNProcessor.srcs/sources_1/new/TOP.v:22]
WARNING: [Synth 8-3331] design SRAM__parameterized0 has unconnected port EMA[2]
WARNING: [Synth 8-3331] design SRAM__parameterized0 has unconnected port EMA[1]
WARNING: [Synth 8-3331] design SRAM__parameterized0 has unconnected port EMA[0]
WARNING: [Synth 8-3331] design SRAM__parameterized0 has unconnected port EMAW[1]
WARNING: [Synth 8-3331] design SRAM__parameterized0 has unconnected port EMAW[0]
WARNING: [Synth 8-3331] design SRAM__parameterized0 has unconnected port EMAS
WARNING: [Synth 8-3331] design SRAM__parameterized0 has unconnected port RET1N
WARNING: [Synth 8-3331] design SRAM has unconnected port EMA[2]
WARNING: [Synth 8-3331] design SRAM has unconnected port EMA[1]
WARNING: [Synth 8-3331] design SRAM has unconnected port EMA[0]
WARNING: [Synth 8-3331] design SRAM has unconnected port EMAW[1]
WARNING: [Synth 8-3331] design SRAM has unconnected port EMAW[0]
WARNING: [Synth 8-3331] design SRAM has unconnected port EMAS
WARNING: [Synth 8-3331] design SRAM has unconnected port RET1N
WARNING: [Synth 8-3331] design BNNCtrl has unconnected port clk
WARNING: [Synth 8-3331] design TOP has unconnected port PAUSE
---------------------------------------------------------------------------------
Finished RTL Elaboration : Time (s): cpu = 00:00:08 ; elapsed = 00:00:08 . Memory (MB): peak = 1501.285 ; gain = 282.363
---------------------------------------------------------------------------------

Report Check Netlist: 
+------+------------------+-------+---------+-------+------------------+
|      |Item              |Errors |Warnings |Status |Description       |
+------+------------------+-------+---------+-------+------------------+
|1     |multi_driven_nets |      0|        0|Passed |Multi driven nets |
+------+------------------+-------+---------+-------+------------------+
---------------------------------------------------------------------------------
Start Handling Custom Attributes
---------------------------------------------------------------------------------
---------------------------------------------------------------------------------
Finished Handling Custom Attributes : Time (s): cpu = 00:00:09 ; elapsed = 00:00:09 . Memory (MB): peak = 1501.285 ; gain = 282.363
---------------------------------------------------------------------------------
---------------------------------------------------------------------------------
Finished RTL Optimization Phase 1 : Time (s): cpu = 00:00:09 ; elapsed = 00:00:09 . Memory (MB): peak = 1501.285 ; gain = 282.363
---------------------------------------------------------------------------------
Netlist sorting complete. Time (s): cpu = 00:00:01 ; elapsed = 00:00:00.680 . Memory (MB): peak = 1501.285 ; gain = 0.000
INFO: [Project 1-570] Preparing netlist for logic optimization

Processing XDC Constraints
Initializing timing engine
Completed Processing XDC Constraints

INFO: [Opt 31-138] Pushed 0 inverter(s) to 0 load pin(s).
Netlist sorting complete. Time (s): cpu = 00:00:00 ; elapsed = 00:00:00.012 . Memory (MB): peak = 1658.281 ; gain = 0.000
INFO: [Project 1-111] Unisim Transformation Summary:
No Unisim elements were transformed.

RTL Elaboration Complete:  : Time (s): cpu = 00:00:37 ; elapsed = 00:00:22 . Memory (MB): peak = 1668.707 ; gain = 449.785
32 Infos, 38 Warnings, 0 Critical Warnings and 0 Errors encountered.
synth_design completed successfully
synth_design: Time (s): cpu = 00:00:46 ; elapsed = 00:00:30 . Memory (MB): peak = 1668.707 ; gain = 725.910
