#-----------------------------------------------------------
# Vivado v2019.1 (64-bit)
# SW Build 2552052 on Fri May 24 14:49:42 MDT 2019
# IP Build 2548770 on Fri May 24 18:01:18 MDT 2019
# Start of session at: Fri Jan  8 17:34:40 2021
# Process ID: 9208
# Current directory: E:/202007_AdobeS5/BNNProcessor/BNNProcessor
# Command line: vivado.exe -gui_launcher_event rodinguilauncherevent23712 E:\202007_AdobeS5\BNNProcessor\BNNProcessor\BNNProcessor.xpr
# Log file: E:/202007_AdobeS5/BNNProcessor/BNNProcessor/vivado.log
# Journal file: E:/202007_AdobeS5/BNNProcessor/BNNProcessor\vivado.jou
#-----------------------------------------------------------
start_gui
open_project E:/202007_AdobeS5/BNNProcessor/BNNProcessor/BNNProcessor.xpr
Scanning sources...
Finished scanning sources
INFO: [IP_Flow 19-234] Refreshing IP repositories
INFO: [IP_Flow 19-1704] No user IP repositories specified
INFO: [IP_Flow 19-2313] Loaded Vivado IP repository 'D:/Xilinx/Vivado/2019.1/data/ip'.
open_project: Time (s): cpu = 00:00:14 ; elapsed = 00:00:07 . Memory (MB): peak = 812.926 ; gain = 163.594
update_compile_order -fileset sources_1
exit
INFO: [Common 17-206] Exiting Vivado at Fri Jan  8 17:37:28 2021...
