#-----------------------------------------------------------
# Vivado v2019.2 (64-bit)
# SW Build 2708876 on Wed Nov  6 21:40:23 MST 2019
# IP Build 2700528 on Thu Nov  7 00:09:20 MST 2019
# Start of session at: Wed Mar 24 15:06:02 2021
# Process ID: 13512
# Current directory: D:/Lin/Documents/BNN/BNNProcessor
# Command line: vivado.exe -gui_launcher_event rodinguilauncherevent16828 D:\Lin\Documents\BNN\BNNProcessor\BNNProcessor.xpr
# Log file: D:/Lin/Documents/BNN/BNNProcessor/vivado.log
# Journal file: D:/Lin/Documents/BNN/BNNProcessor\vivado.jou
#-----------------------------------------------------------
start_gui
open_project D:/Lin/Documents/BNN/BNNProcessor/BNNProcessor.xpr
INFO: [Project 1-313] Project file moved from 'D:/WeChat Files/wxid_7qg360e9m44722/FileStorage/File/2021-01/BNNProcessor' since last save.
WARNING: [Project 1-312] File not found as 'D:/Lin/Documents/BNN/BNNProcessor/BNNProcessor.sim/sim_1/behav/xsim/INST_SRAM.coe'; using path 'D:/WeChat Files/wxid_7qg360e9m44722/FileStorage/File/2021-01/BNNProcessor/BNNProcessor.sim/sim_1/behav/xsim/INST_SRAM.coe' instead.
WARNING: [Project 1-312] File not found as 'D:/Lin/Documents/BNN/BNNProcessor/BNNProcessor.sim/sim_1/behav/xsim/DATA_SRAM.coe'; using path 'D:/WeChat Files/wxid_7qg360e9m44722/FileStorage/File/2021-01/BNNProcessor/BNNProcessor.sim/sim_1/behav/xsim/DATA_SRAM.coe' instead.
Scanning sources...
Finished scanning sources
WARNING: [Project 1-312] File not found as 'D:/Lin/Documents/BNN/BNNProcessor/BNNProcessor.sim/sim_1/behav/xsim/INST_SRAM.coe'; using path 'D:/WeChat Files/wxid_7qg360e9m44722/FileStorage/File/2021-01/BNNProcessor/BNNProcessor.sim/sim_1/behav/xsim/INST_SRAM.coe' instead.
WARNING: [Project 1-312] File not found as 'D:/Lin/Documents/BNN/BNNProcessor/BNNProcessor.sim/sim_1/behav/xsim/DATA_SRAM.coe'; using path 'D:/WeChat Files/wxid_7qg360e9m44722/FileStorage/File/2021-01/BNNProcessor/BNNProcessor.sim/sim_1/behav/xsim/DATA_SRAM.coe' instead.
WARNING: [Project 1-312] File not found as 'D:/Lin/Documents/BNN/BNNProcessor/BNNProcessor.sim/sim_1/behav/xsim/INST_SRAM.coe'; using path 'D:/WeChat Files/wxid_7qg360e9m44722/FileStorage/File/2021-01/BNNProcessor/BNNProcessor.sim/sim_1/behav/xsim/INST_SRAM.coe' instead.
WARNING: [Project 1-312] File not found as 'D:/Lin/Documents/BNN/BNNProcessor/BNNProcessor.sim/sim_1/behav/xsim/DATA_SRAM.coe'; using path 'D:/WeChat Files/wxid_7qg360e9m44722/FileStorage/File/2021-01/BNNProcessor/BNNProcessor.sim/sim_1/behav/xsim/DATA_SRAM.coe' instead.
INFO: [IP_Flow 19-234] Refreshing IP repositories
INFO: [IP_Flow 19-1704] No user IP repositories specified
INFO: [IP_Flow 19-2313] Loaded Vivado IP repository 'D:/Vivado/2019.2/data/ip'.
open_project: Time (s): cpu = 00:00:23 ; elapsed = 00:00:10 . Memory (MB): peak = 912.727 ; gain = 283.320
update_compile_order -fileset sources_1
